# JRE version: Java(TM) SE Runtime Environment (17.0.12+8) (build 17.0.12+8-LTS-286)
# Java VM: Java HotSpot(TM) 64-Bit Server VM (17.0.12+8-LTS-286, mixed mode, emulated-client, sharing, tiered, compressed oops, compressed class ptrs, g1 gc, windows-amd64)
GC Precious Log:
 CPUs: 8 total, 8 available
 Memory: 7965M
 Large Page Support: Disabled
 NUMA Support: Disabled
 Compressed Oops: Enabled (32-bit)
 Heap Region Size: 1M
 Heap Min Capacity: 8M
 Heap Initial Capacity: 126M
 Heap Max Capacity: 1992M
 Pre-touch: Disabled
 Parallel Workers: 8
 Concurrent Workers: 2
 Concurrent Refinement Workers: 8
 Periodic GC: Disabled
Heap:
 garbage-first heap   total 150528K, used 88317K [0x0000000083800000, 0x0000000100000000)
  region size 1024K, 30 young (30720K), 1 survivors (1024K)
 Metaspace       used 51215K, committed 51648K, reserved 1114112K
  class space    used 7233K, committed 7424K, reserved 1048576K
GC Heap History (20 events):
Event: 1.879 GC heap before
{Heap before GC invocations=2 (full 0):
 garbage-first heap   total 129024K, used 44032K [0x0000000083800000, 0x0000000100000000)
  region size 1024K, 27 young (27648K), 3 survivors (3072K)
 Metaspace       used 3344K, committed 3584K, reserved 1114112K
  class space    used 403K, committed 512K, reserved 1048576K
}
Event: 1.892 GC heap after
{Heap after GC invocations=3 (full 0):
 garbage-first heap   total 129024K, used 25600K [0x0000000083800000, 0x0000000100000000)
  region size 1024K, 4 young (4096K), 4 survivors (4096K)
 Metaspace       used 3344K, committed 3584K, reserved 1114112K
  class space    used 403K, committed 512K, reserved 1048576K
}
Event: 2.876 GC heap before
{Heap before GC invocations=3 (full 0):
 garbage-first heap   total 129024K, used 57344K [0x0000000083800000, 0x0000000100000000)
  region size 1024K, 35 young (35840K), 4 survivors (4096K)
 Metaspace       used 6772K, committed 7040K, reserved 1114112K
  class space    used 890K, committed 1024K, reserved 1048576K
}
Event: 2.894 GC heap after
{Heap after GC invocations=4 (full 0):
 garbage-first heap   total 129024K, used 33783K [0x0000000083800000, 0x0000000100000000)
  region size 1024K, 5 young (5120K), 5 survivors (5120K)
 Metaspace       used 6772K, committed 7040K, reserved 1114112K
  class space    used 890K, committed 1024K, reserved 1048576K
}
Event: 3.853 GC heap before
{Heap before GC invocations=4 (full 0):
 garbage-first heap   total 129024K, used 72695K [0x0000000083800000, 0x0000000100000000)
  region size 1024K, 43 young (44032K), 5 survivors (5120K)
 Metaspace       used 11690K, committed 11968K, reserved 1114112K
  class space    used 1580K, committed 1728K, reserved 1048576K
}
Event: 3.864 GC heap after
{Heap after GC invocations=5 (full 0):
 garbage-first heap   total 164864K, used 37973K [0x0000000083800000, 0x0000000100000000)
  region size 1024K, 4 young (4096K), 4 survivors (4096K)
 Metaspace       used 11690K, committed 11968K, reserved 1114112K
  class space    used 1580K, committed 1728K, reserved 1048576K
}
Event: 4.546 GC heap before
{Heap before GC invocations=5 (full 0):
 garbage-first heap   total 164864K, used 107605K [0x0000000083800000, 0x0000000100000000)
  region size 1024K, 73 young (74752K), 4 survivors (4096K)
 Metaspace       used 20524K, committed 20928K, reserved 1114112K
  class space    used 2756K, committed 2944K, reserved 1048576K
}
Event: 4.554 GC heap after
{Heap after GC invocations=6 (full 0):
 garbage-first heap   total 164864K, used 43125K [0x0000000083800000, 0x0000000100000000)
  region size 1024K, 9 young (9216K), 9 survivors (9216K)
 Metaspace       used 20524K, committed 20928K, reserved 1114112K
  class space    used 2756K, committed 2944K, reserved 1048576K
}
Event: 4.645 GC heap before
{Heap before GC invocations=6 (full 0):
 garbage-first heap   total 164864K, used 46197K [0x0000000083800000, 0x0000000100000000)
  region size 1024K, 13 young (13312K), 9 survivors (9216K)
 Metaspace       used 21090K, committed 21504K, reserved 1114112K
  class space    used 2844K, committed 3072K, reserved 1048576K
}
Event: 4.654 GC heap after
{Heap after GC invocations=7 (full 0):
 garbage-first heap   total 164864K, used 43911K [0x0000000083800000, 0x0000000100000000)
  region size 1024K, 2 young (2048K), 2 survivors (2048K)
 Metaspace       used 21090K, committed 21504K, reserved 1114112K
  class space    used 2844K, committed 3072K, reserved 1048576K
}
Event: 6.486 GC heap before
{Heap before GC invocations=8 (full 0):
 garbage-first heap   total 150528K, used 118663K [0x0000000083800000, 0x0000000100000000)
  region size 1024K, 77 young (78848K), 2 survivors (2048K)
 Metaspace       used 34432K, committed 34944K, reserved 1114112K
  class space    used 4894K, committed 5120K, reserved 1048576K
}
Event: 6.494 GC heap after
{Heap after GC invocations=9 (full 0):
 garbage-first heap   total 150528K, used 50110K [0x0000000083800000, 0x0000000100000000)
  region size 1024K, 9 young (9216K), 9 survivors (9216K)
 Metaspace       used 34432K, committed 34944K, reserved 1114112K
  class space    used 4894K, committed 5120K, reserved 1048576K
}
Event: 6.513 GC heap before
{Heap before GC invocations=9 (full 0):
 garbage-first heap   total 150528K, used 50110K [0x0000000083800000, 0x0000000100000000)
  region size 1024K, 10 young (10240K), 9 survivors (9216K)
 Metaspace       used 34602K, committed 35072K, reserved 1114112K
  class space    used 4921K, committed 5120K, reserved 1048576K
}
Event: 6.519 GC heap after
{Heap after GC invocations=10 (full 0):
 garbage-first heap   total 150528K, used 50103K [0x0000000083800000, 0x0000000100000000)
  region size 1024K, 1 young (1024K), 1 survivors (1024K)
 Metaspace       used 34602K, committed 35072K, reserved 1114112K
  class space    used 4921K, committed 5120K, reserved 1048576K
}
Event: 6.674 GC heap before
{Heap before GC invocations=10 (full 0):
 garbage-first heap   total 150528K, used 60343K [0x0000000083800000, 0x0000000100000000)
  region size 1024K, 12 young (12288K), 1 survivors (1024K)
 Metaspace       used 36216K, committed 36608K, reserved 1114112K
  class space    used 5138K, committed 5312K, reserved 1048576K
}
Event: 6.677 GC heap after
{Heap after GC invocations=11 (full 0):
 garbage-first heap   total 150528K, used 50122K [0x0000000083800000, 0x0000000100000000)
  region size 1024K, 1 young (1024K), 1 survivors (1024K)
 Metaspace       used 36216K, committed 36608K, reserved 1114112K
  class space    used 5138K, committed 5312K, reserved 1048576K
}
Event: 8.478 GC heap before
{Heap before GC invocations=12 (full 0):
 garbage-first heap   total 150528K, used 113610K [0x0000000083800000, 0x0000000100000000)
  region size 1024K, 64 young (65536K), 1 survivors (1024K)
 Metaspace       used 46990K, committed 47424K, reserved 1114112K
  class space    used 6671K, committed 6848K, reserved 1048576K
}
Event: 8.485 GC heap after
{Heap after GC invocations=13 (full 0):
 garbage-first heap   total 150528K, used 59489K [0x0000000083800000, 0x0000000100000000)
  region size 1024K, 8 young (8192K), 8 survivors (8192K)
 Metaspace       used 46990K, committed 47424K, reserved 1114112K
  class space    used 6671K, committed 6848K, reserved 1048576K
}
Event: 8.514 GC heap before
{Heap before GC invocations=13 (full 0):
 garbage-first heap   total 150528K, used 60513K [0x0000000083800000, 0x0000000100000000)
  region size 1024K, 9 young (9216K), 8 survivors (8192K)
 Metaspace       used 46990K, committed 47424K, reserved 1114112K
  class space    used 6671K, committed 6848K, reserved 1048576K
}
Event: 8.521 GC heap after
{Heap after GC invocations=14 (full 0):
 garbage-first heap   total 150528K, used 59645K [0x0000000083800000, 0x0000000100000000)
  region size 1024K, 1 young (1024K), 1 survivors (1024K)
 Metaspace       used 46990K, committed 47424K, reserved 1114112K
  class space    used 6671K, committed 6848K, reserved 1048576K
}

